<?xml version="1.0" encoding="UTF-8"?>
<!-- Generated by org.testng.reporters.JUnitReportReporter -->
<testsuite hostname="LV-LAP-41" failures="0" tests="1" name="optimiseDashboardTest.agentLogin" time="0.062" errors="0" timestamp="2022-02-25T14:38:20 IST" skipped="0">
  <testcase classname="optimiseDashboardTest.agentLogin" name="loginPage" time="0.062"/>
  <system-out/>
</testsuite> <!-- optimiseDashboardTest.agentLogin -->
